<?xml version="1.0" encoding="UTF-8"?>
<!-- Generated by org.testng.reporters.JUnitXMLReporter -->
<testsuite ignored="0" hostname="UA-LAPTOP" failures="0" tests="6" name="Test" time="0.921" errors="0" timestamp="2022-10-14T08:08:05 IST">
  <testcase classname="com.mAadhar.testing.RequestServiceTest" name="@BeforeClass beforeClass" time="0.846">
    <failure type="java.lang.NoClassDefFoundError" message="org/openqa/selenium/internal/Require">
      <![CDATA[java.lang.NoClassDefFoundError: org/openqa/selenium/internal/Require
at org.openqa.selenium.json.NumberCoercer.<init>(NumberCoercer.java:49)
at org.openqa.selenium.json.JsonTypeCoercer.<init>(JsonTypeCoercer.java:71)
at org.openqa.selenium.json.JsonTypeCoercer.<init>(JsonTypeCoercer.java:53)
at org.openqa.selenium.json.Json.<init>(Json.java:37)
at org.openqa.selenium.remote.NewSessionPayload.create(NewSessionPayload.java:100)
at org.openqa.selenium.remote.NewSessionPayload.create(NewSessionPayload.java:94)
at org.openqa.selenium.remote.ProtocolHandshake.createSession(ProtocolHandshake.java:68)
at org.openqa.selenium.remote.HttpCommandExecutor.execute(HttpCommandExecutor.java:136)
at org.openqa.selenium.remote.service.DriverCommandExecutor.execute(DriverCommandExecutor.java:83)
at org.openqa.selenium.remote.RemoteWebDriver.execute(RemoteWebDriver.java:552)
at org.openqa.selenium.remote.RemoteWebDriver.startSession(RemoteWebDriver.java:213)
at org.openqa.selenium.remote.RemoteWebDriver.<init>(RemoteWebDriver.java:131)
at org.openqa.selenium.chrome.ChromeDriver.<init>(ChromeDriver.java:181)
at org.openqa.selenium.chrome.ChromeDriver.<init>(ChromeDriver.java:168)
at org.openqa.selenium.chrome.ChromeDriver.<init>(ChromeDriver.java:157)
at com.mAadhar.testing.RequestServiceTest.beforeClass(RequestServiceTest.java:17)
at java.base/java.util.ArrayList.forEach(ArrayList.java:1541)
Caused by: java.lang.ClassNotFoundException: org.openqa.selenium.internal.Require
at java.base/jdk.internal.loader.BuiltinClassLoader.loadClass(BuiltinClassLoader.java:581)
at java.base/jdk.internal.loader.ClassLoaders$AppClassLoader.loadClass(ClassLoaders.java:178)
at java.base/java.lang.ClassLoader.loadClass(ClassLoader.java:521)
... 42 more
... Removed 25 stack frames]]>
    </failure>
  </testcase> <!-- @BeforeClass beforeClass -->
  <testcase classname="com.mAadhar.testing.RequestServiceTest" name="@AfterClass afterClass" time="0.0">
    <skipped/>
  </testcase> <!-- @AfterClass afterClass -->
  <testcase classname="com.mAadhar.testing.RequestServiceTest" name="approveRequestTest" time="0.0">
    <skipped/>
  </testcase> <!-- approveRequestTest -->
  <testcase classname="com.mAadhar.testing.RequestServiceTest" name="denyRequestTest" time="0.0">
    <skipped/>
  </testcase> <!-- denyRequestTest -->
  <testcase classname="com.mAadhar.testing.RequestServiceTest" name="getAllRequestsTest" time="0.0">
    <skipped/>
  </testcase> <!-- getAllRequestsTest -->
  <testcase classname="com.mAadhar.testing.RequestServiceTest" name="storeRequestTest" time="0.0">
    <skipped/>
  </testcase> <!-- storeRequestTest -->
  <testcase classname="com.mAadhar.testing.RequestServiceTest" name="updateAdharTest" time="0.0">
    <skipped/>
  </testcase> <!-- updateAdharTest -->
  <testcase classname="com.mAadhar.testing.RequestServiceTest" name="viewmyAdharTest" time="0.0">
    <skipped/>
  </testcase> <!-- viewmyAdharTest -->
</testsuite> <!-- Test -->
